2024-04-23 19:54:44,721 - INFO - Inicio do Buscador
2024-04-23 19:54:44,721 - INFO - Iniciando a leitura do arquivo de configuracao ./instructions/BUSCA.CFG
2024-04-23 19:54:44,721 - INFO - Arquivo de configuracao lido com sucesso em 0.00 segundos.
2024-04-23 19:54:45,360 - INFO - Aquivos lidos modelo_vetorial.csv e consultas.csv.
2024-04-23 19:54:45,361 - INFO - Calculo de similaridade iniciado.
2024-04-23 19:54:49,678 - INFO - Calculo de similaridade finalizado em 4.32 segundos.
2024-04-23 19:54:49,678 - INFO - Buscador finalizado em 4.96 segundos.
2024-04-23 20:03:22,626 - INFO - Inicio do Buscador
2024-04-23 20:03:22,626 - INFO - Iniciando a leitura do arquivo de configuracao ./instructions/BUSCA.CFG
2024-04-23 20:03:22,627 - INFO - Arquivo de configuracao lido com sucesso em 0.00 segundos.
2024-04-23 20:03:23,231 - INFO - Aquivos lidos modelo_vetorial.csv e consultas.csv.
2024-04-23 20:03:23,231 - INFO - Calculo de similaridade iniciado.
2024-04-23 20:03:27,377 - INFO - Calculo de similaridade finalizado em 4.15 segundos.
2024-04-23 20:03:27,377 - INFO - Buscador finalizado em 4.75 segundos.
2024-05-07 19:18:41,000 - INFO - Inicio do Buscador
2024-05-07 19:18:41,001 - INFO - Iniciando a leitura do arquivo de configuracao ./instructions/BUSCA.CFG
2024-05-07 19:18:41,002 - INFO - Arquivo de configuracao lido com sucesso em 0.00 segundos.
2024-05-07 19:18:41,250 - INFO - Aquivos lidos modelo_vetorial.csv e consultas.csv.
2024-05-07 19:18:41,250 - INFO - Calculo de similaridade iniciado.
2024-05-07 19:18:42,533 - INFO - Calculo de similaridade finalizado em 1.28 segundos.
2024-05-07 19:18:42,534 - INFO - Buscador finalizado em 1.53 segundos.
2024-05-07 20:17:32,449 - INFO - Inicio do Buscador
2024-05-07 20:17:32,449 - INFO - Iniciando a leitura do arquivo de configuracao ./instructions/BUSCA.CFG
2024-05-07 20:17:32,449 - INFO - Arquivo de configuracao lido com sucesso em 0.00 segundos.
2024-05-07 20:17:32,692 - INFO - Aquivos lidos modelo_vetorial.csv e consultas.csv.
2024-05-07 20:17:32,692 - INFO - Calculo de similaridade iniciado.
2024-05-07 20:17:33,898 - INFO - Calculo de similaridade finalizado em 1.21 segundos.
2024-05-07 20:17:33,898 - INFO - Buscador finalizado em 1.45 segundos.
2024-05-07 20:19:24,767 - INFO - Inicio do Buscador
2024-05-07 20:19:24,767 - INFO - Iniciando a leitura do arquivo de configuracao ./instructions/BUSCA.CFG
2024-05-07 20:19:24,767 - INFO - Arquivo de configuracao lido com sucesso em 0.00 segundos.
2024-05-07 20:19:25,007 - INFO - Aquivos lidos modelo_vetorial.csv e consultas.csv.
2024-05-07 20:19:25,007 - INFO - Calculo de similaridade iniciado.
2024-05-07 20:19:26,156 - INFO - Calculo de similaridade finalizado em 1.15 segundos.
2024-05-07 20:19:26,157 - INFO - Buscador finalizado em 1.39 segundos.
2024-05-07 20:52:54,699 - INFO - Inicio do Buscador
2024-05-07 20:52:54,699 - INFO - Iniciando a leitura do arquivo de configuracao ./instructions/BUSCA.CFG
2024-05-07 20:52:54,700 - INFO - Arquivo de configuracao lido com sucesso em 0.00 segundos.
2024-05-07 20:52:54,941 - INFO - Aquivos lidos modelo_vetorial.csv e consultas.csv.
2024-05-07 20:52:54,941 - INFO - Calculo de similaridade iniciado.
2024-05-07 20:55:00,739 - INFO - Inicio do Buscador
2024-05-07 20:55:00,739 - INFO - Iniciando a leitura do arquivo de configuracao ./instructions/BUSCA.CFG
2024-05-07 20:55:00,739 - INFO - Arquivo de configuracao lido com sucesso em 0.00 segundos.
2024-05-07 20:55:00,980 - INFO - Aquivos lidos modelo_vetorial.csv e consultas.csv.
2024-05-07 20:55:00,980 - INFO - Calculo de similaridade iniciado.
2024-05-07 20:55:02,140 - INFO - Calculo de similaridade finalizado em 1.16 segundos.
2024-05-07 20:55:02,140 - INFO - Buscador finalizado em 1.40 segundos.
2024-05-07 20:57:09,196 - INFO - Inicio do Buscador
2024-05-07 20:57:09,196 - INFO - Iniciando a leitura do arquivo de configuracao ./instructions/BUSCA.CFG
2024-05-07 20:57:09,197 - INFO - Arquivo de configuracao lido com sucesso em 0.00 segundos.
2024-05-07 20:57:09,456 - INFO - Aquivos lidos modelo_vetorial.csv e consultas.csv.
2024-05-07 20:57:09,457 - INFO - Calculo de similaridade iniciado.
2024-05-07 20:57:10,663 - INFO - Calculo de similaridade finalizado em 1.21 segundos.
2024-05-07 20:57:10,663 - INFO - Buscador finalizado em 1.47 segundos.
2024-05-07 21:50:47,852 - INFO - Inicio do Buscador
2024-05-07 21:50:47,852 - INFO - Iniciando a leitura do arquivo de configuracao ./instructions/BUSCA.CFG
2024-05-07 21:50:47,852 - INFO - Arquivo de configuracao lido com sucesso em 0.00 segundos.
2024-05-07 21:50:48,098 - INFO - Aquivos lidos modelo_vetorial.csv e consultas.csv.
2024-05-07 21:50:48,098 - INFO - Calculo de similaridade iniciado.
2024-05-07 21:50:49,231 - INFO - Calculo de similaridade finalizado em 1.13 segundos.
2024-05-07 21:50:49,231 - INFO - Buscador finalizado em 1.38 segundos.
2024-05-07 21:54:34,264 - INFO - Inicio do Buscador
2024-05-07 21:54:34,264 - INFO - Iniciando a leitura do arquivo de configuracao ./instructions/BUSCA.CFG
2024-05-07 21:54:34,265 - INFO - Arquivo de configuracao lido com sucesso em 0.00 segundos.
2024-05-07 21:54:34,508 - INFO - Aquivos lidos modelo_vetorial.csv e consultas.csv.
2024-05-07 21:54:34,508 - INFO - Calculo de similaridade iniciado.
2024-05-07 21:54:35,672 - INFO - Calculo de similaridade finalizado em 1.16 segundos.
2024-05-07 21:54:35,672 - INFO - Buscador finalizado em 1.41 segundos.
2024-05-07 21:55:46,686 - INFO - Inicio do Buscador
2024-05-07 21:55:46,686 - INFO - Iniciando a leitura do arquivo de configuracao ./instructions/BUSCA.CFG
2024-05-07 21:55:46,686 - INFO - Arquivo de configuracao lido com sucesso em 0.00 segundos.
2024-05-07 21:55:46,941 - INFO - Aquivos lidos modelo_vetorial.csv e consultas.csv.
2024-05-07 21:55:46,941 - INFO - Calculo de similaridade iniciado.
2024-05-07 21:55:48,120 - INFO - Calculo de similaridade finalizado em 1.18 segundos.
2024-05-07 21:55:48,120 - INFO - Buscador finalizado em 1.44 segundos.
2024-05-07 21:56:59,553 - INFO - Inicio do Buscador
2024-05-07 21:56:59,553 - INFO - Iniciando a leitura do arquivo de configuracao ./instructions/BUSCA.CFG
2024-05-07 21:56:59,553 - INFO - Arquivo de configuracao lido com sucesso em 0.00 segundos.
2024-05-07 21:56:59,731 - INFO - Aquivos lidos modelo_vetorial.csv e consultas.csv.
2024-05-07 21:56:59,731 - INFO - Calculo de similaridade iniciado.
2024-05-07 21:57:01,289 - INFO - Calculo de similaridade finalizado em 1.56 segundos.
2024-05-07 21:57:01,289 - INFO - Buscador finalizado em 1.74 segundos.
2024-05-07 21:57:33,268 - INFO - Inicio do Buscador
2024-05-07 21:57:33,268 - INFO - Iniciando a leitura do arquivo de configuracao ./instructions/BUSCA.CFG
2024-05-07 21:57:33,269 - INFO - Arquivo de configuracao lido com sucesso em 0.00 segundos.
2024-05-07 21:57:33,428 - INFO - Aquivos lidos modelo_vetorial.csv e consultas.csv.
2024-05-07 21:57:33,428 - INFO - Calculo de similaridade iniciado.
2024-05-07 21:57:34,738 - INFO - Calculo de similaridade finalizado em 1.31 segundos.
2024-05-07 21:57:34,738 - INFO - Buscador finalizado em 1.47 segundos.
